This is pdfTeX, Version 3.14159265-2.6-1.40.20 (TeX Live 2019/Debian) (preloaded format=pdflatex 2022.11.17)  17 NOV 2022 17:31
entering extended mode
 restricted \write18 enabled.
 %&-line parsing enabled.
**refman
(./refman.tex
LaTeX2e <2020-02-02> patch level 2
L3 programming layer <2020-02-14>
(/usr/share/texlive/texmf-dist/tex/latex/base/book.cls
Document Class: book 2019/12/20 v1.4l Standard LaTeX document class
(/usr/share/texlive/texmf-dist/tex/latex/base/bk10.clo
File: bk10.clo 2019/12/20 v1.4l Standard LaTeX file (size option)
)
\c@part=\count167
\c@chapter=\count168
\c@section=\count169
\c@subsection=\count170
\c@subsubsection=\count171
\c@paragraph=\count172
\c@subparagraph=\count173
\c@figure=\count174
\c@table=\count175
\abovecaptionskip=\skip47
\belowcaptionskip=\skip48
\bibindent=\dimen134
)
(/usr/share/texlive/texmf-dist/tex/latex/base/ifthen.sty
Package: ifthen 2014/09/29 v1.1c Standard LaTeX ifthen package (DPC)
)
(/usr/share/texlive/texmf-dist/tex/latex/tools/array.sty
Rollback for package 'array' requested -> date 2016-10-06.
         Best approximation is the release introduced on 2016-10-06.

(/usr/share/texlive/texmf-dist/tex/latex/tools/array-2016-10-06.sty
Package: array 2016/10/06 v2.4d Tabular extension package (FMi)
\col@sep=\dimen135
\extrarowheight=\dimen136
\NC@list=\toks14
\extratabsurround=\skip49
\backup@length=\skip50
))
(/usr/share/texlive/texmf-dist/tex/latex/base/fixltx2e.sty
Package: fixltx2e 2016/12/29 v2.1a fixes to LaTeX (obsolete)
Applying: [2015/01/01] Old fixltx2e package on input line 46.


Package fixltx2e Warning: fixltx2e is not required with releases after 2015
(fixltx2e)                All fixes are now in the LaTeX kernel.
(fixltx2e)                See the latexrelease package for details.

Already applied: [0000/00/00] Old fixltx2e package on input line 53.
) (/usr/share/texlive/texmf-dist/tex/latex/tools/calc.sty
Package: calc 2017/05/25 v4.3 Infix arithmetic (KKT,FJ)
\calc@Acount=\count176
\calc@Bcount=\count177
\calc@Adimen=\dimen137
\calc@Bdimen=\dimen138
\calc@Askip=\skip51
\calc@Bskip=\skip52
LaTeX Info: Redefining \setlength on input line 80.
LaTeX Info: Redefining \addtolength on input line 81.
\calc@Ccount=\count178
\calc@Cskip=\skip53
) (./doxygen.sty
Package: doxygen 

(/usr/share/texlive/texmf-dist/tex/latex/base/alltt.sty
Package: alltt 1997/06/16 v2.0g defines alltt environment
)
(/usr/share/texlive/texmf-dist/tex/latex/float/float.sty
Package: float 2001/11/08 v1.3d Float enhancements (AL)
\c@float@type=\count179
\float@exts=\toks15
\float@box=\box45
\@float@everytoks=\toks16
\@floatcapt=\box46
)
(/usr/share/texlive/texmf-dist/tex/latex/tools/verbatim.sty
Package: verbatim 2019/11/10 v1.5r LaTeX2e package for verbatim enhancements
\every@verbatim=\toks17
\verbatim@line=\toks18
\verbatim@in@stream=\read2
)
(/usr/share/texlive/texmf-dist/tex/latex/xcolor/xcolor.sty
Package: xcolor 2016/05/11 v2.12 LaTeX color extensions (UK)

(/usr/share/texlive/texmf-dist/tex/latex/graphics-cfg/color.cfg
File: color.cfg 2016/01/02 v1.6 sample color configuration
)
Package xcolor Info: Driver file: pdftex.def on input line 225.

(/usr/share/texlive/texmf-dist/tex/latex/graphics-def/pdftex.def
File: pdftex.def 2018/01/08 v1.0l Graphics/color driver for pdftex
)
(/usr/share/texlive/texmf-dist/tex/latex/colortbl/colortbl.sty
Package: colortbl 2020/01/04 v1.0e Color table columns (DPC)
\everycr=\toks19
\minrowclearance=\skip54
)
\rownum=\count180
Package xcolor Info: Model `cmy' substituted by `cmy0' on input line 1348.
Package xcolor Info: Model `hsb' substituted by `rgb' on input line 1352.
Package xcolor Info: Model `RGB' extended on input line 1364.
Package xcolor Info: Model `HTML' substituted by `rgb' on input line 1366.
Package xcolor Info: Model `Hsb' substituted by `hsb' on input line 1367.
Package xcolor Info: Model `tHsb' substituted by `hsb' on input line 1368.
Package xcolor Info: Model `HSB' substituted by `hsb' on input line 1369.
Package xcolor Info: Model `Gray' substituted by `gray' on input line 1370.
Package xcolor Info: Model `wave' substituted by `hsb' on input line 1371.
)
(./longtable_doxygen.sty
Package: longtable_doxygen 2014/10/28 v4.11 Multi-page Table package (DPC) - fr
ozen version for doxygen
\LTleft=\skip55
\LTright=\skip56
\LTpre=\skip57
\LTpost=\skip58
\LTchunksize=\count181
\LTcapwidth=\dimen139
\LT@head=\box47
\LT@firsthead=\box48
\LT@foot=\box49
\LT@lastfoot=\box50
\LT@cols=\count182
\LT@rows=\count183
\c@LT@tables=\count184
\c@LT@chunks=\count185
\LT@p@ftn=\toks20
) (./tabu_doxygen.sty
Package: tabu_doxygen 2011/02/26 v2.8 - flexible LaTeX tabulars (FC), frozen ve
rsion for doxygen

(/usr/share/texlive/texmf-dist/tex/latex/varwidth/varwidth.sty
Package: varwidth 2009/03/30 ver 0.92;  Variable-width minipages
\@vwid@box=\box51
\sift@deathcycles=\count186
\@vwid@loff=\dimen140
\@vwid@roff=\dimen141
)
\c@taburow=\count187
\tabu@nbcols=\count188
\tabu@cnt=\count189
\tabu@Xcol=\count190
\tabu@alloc=\count191
\tabu@nested=\count192
\tabu@target=\dimen142
\tabu@spreadtarget=\dimen143
\tabu@naturalX=\dimen144
\tabucolX=\dimen145
\tabu@Xsum=\dimen146
\extrarowdepth=\dimen147
\abovetabulinesep=\dimen148
\belowtabulinesep=\dimen149
\tabustrutrule=\dimen150
\tabu@thebody=\toks21
\tabu@footnotes=\toks22
\tabu@box=\box52
\tabu@arstrutbox=\box53
\tabu@hleads=\box54
\tabu@vleads=\box55
\tabu@cellskip=\skip59
)
(/usr/share/texlive/texmf-dist/tex/latex/fancyvrb/fancyvrb.sty
Package: fancyvrb 2020/01/13 v3.5 verbatim text (tvz,hv)

(/usr/share/texlive/texmf-dist/tex/latex/graphics/keyval.sty
Package: keyval 2014/10/28 v1.15 key=value parser (DPC)
\KV@toks@=\toks23
)
\FV@CodeLineNo=\count193
\FV@InFile=\read3
\FV@TabBox=\box56
\c@FancyVerbLine=\count194
\FV@StepNumber=\count195
\FV@OutFile=\write3
)
(/usr/share/texlive/texmf-dist/tex/latex/tools/tabularx.sty
Package: tabularx 2020/01/15 v2.11c `tabularx' package (DPC)
\TX@col@width=\dimen151
\TX@old@table=\dimen152
\TX@old@col=\dimen153
\TX@target=\dimen154
\TX@delta=\dimen155
\TX@cols=\count196
\TX@ftn=\toks24
)
(/usr/share/texlive/texmf-dist/tex/latex/multirow/multirow.sty
Package: multirow 2019/05/31 v2.5 Span multiple rows of a table
\multirow@colwidth=\skip60
\multirow@cntb=\count197
\multirow@dima=\skip61
\bigstrutjot=\dimen156
)
(/usr/share/texlive/texmf-dist/tex/latex/hanging/hanging.sty
Package: hanging 2009/09/02 v1.2b hanging paragraphs and punctuation
\h@ngcommawd=\skip62
\h@ngfstopwd=\skip63
\h@ngquotewd=\skip64
\h@ngdquotewd=\skip65
\h@ngquerywd=\skip66
\h@ngexclwd=\skip67
\h@ngcolonwd=\skip68
\h@ngscolonwd=\skip69
)
(/usr/share/texlive/texmf-dist/tex/generic/iftex/ifpdf.sty
Package: ifpdf 2019/10/25 v3.4 ifpdf legacy package. Use iftex instead.

(/usr/share/texlive/texmf-dist/tex/generic/iftex/iftex.sty
Package: iftex 2019/11/07 v1.0c TeX engine tests
))
(/usr/share/texlive/texmf-dist/tex/latex/adjustbox/adjustbox.sty
Package: adjustbox 2019/01/04 v1.2 Adjusting TeX boxes (trim, clip, ...)

(/usr/share/texlive/texmf-dist/tex/latex/xkeyval/xkeyval.sty
Package: xkeyval 2014/12/03 v2.7a package option processing (HA)

(/usr/share/texlive/texmf-dist/tex/generic/xkeyval/xkeyval.tex
(/usr/share/texlive/texmf-dist/tex/generic/xkeyval/xkvutils.tex
\XKV@toks=\toks25
\XKV@tempa@toks=\toks26
)
\XKV@depth=\count198
File: xkeyval.tex 2014/12/03 v2.7a key=value parser (HA)
))
(/usr/share/texlive/texmf-dist/tex/latex/adjustbox/adjcalc.sty
Package: adjcalc 2012/05/16 v1.1 Provides advanced setlength with multiple back
-ends (calc, etex, pgfmath)
)
(/usr/share/texlive/texmf-dist/tex/latex/adjustbox/trimclip.sty
Package: trimclip 2018/04/08 v1.1 Trim and clip general TeX material

(/usr/share/texlive/texmf-dist/tex/latex/graphics/graphicx.sty
Package: graphicx 2019/11/30 v1.2a Enhanced LaTeX Graphics (DPC,SPQR)

(/usr/share/texlive/texmf-dist/tex/latex/graphics/graphics.sty
Package: graphics 2019/11/30 v1.4a Standard LaTeX Graphics (DPC,SPQR)

(/usr/share/texlive/texmf-dist/tex/latex/graphics/trig.sty
Package: trig 2016/01/03 v1.10 sin cos tan (DPC)
)
(/usr/share/texlive/texmf-dist/tex/latex/graphics-cfg/graphics.cfg
File: graphics.cfg 2016/06/04 v1.11 sample graphics configuration
)
Package graphics Info: Driver file: pdftex.def on input line 105.
)
\Gin@req@height=\dimen157
\Gin@req@width=\dimen158
)
(/usr/share/texlive/texmf-dist/tex/latex/collectbox/collectbox.sty
Package: collectbox 2012/05/17 v0.4b Collect macro arguments as boxes
\collectedbox=\box57
)
\tc@llx=\dimen159
\tc@lly=\dimen160
\tc@urx=\dimen161
\tc@ury=\dimen162
Package trimclip Info: Using driver 'tc-pdftex.def'.

(/usr/share/texlive/texmf-dist/tex/latex/adjustbox/tc-pdftex.def
File: tc-pdftex.def 2019/01/04 v2.2 Clipping driver for pdftex
))
\adjbox@Width=\dimen163
\adjbox@Height=\dimen164
\adjbox@Depth=\dimen165
\adjbox@Totalheight=\dimen166
\adjbox@pwidth=\dimen167
\adjbox@pheight=\dimen168
\adjbox@pdepth=\dimen169
\adjbox@ptotalheight=\dimen170

(/usr/share/texlive/texmf-dist/tex/latex/ifoddpage/ifoddpage.sty
Package: ifoddpage 2016/04/23 v1.1 Conditionals for odd/even page detection
\c@checkoddpage=\count199
))
(/usr/share/texlive/texmf-dist/tex/latex/amsfonts/amssymb.sty
Package: amssymb 2013/01/14 v3.01 AMS font symbols

(/usr/share/texlive/texmf-dist/tex/latex/amsfonts/amsfonts.sty
Package: amsfonts 2013/01/14 v3.01 Basic AMSFonts support
\@emptytoks=\toks27
\symAMSa=\mathgroup4
\symAMSb=\mathgroup5
LaTeX Font Info:    Redeclaring math symbol \hbar on input line 98.
LaTeX Font Info:    Overwriting math alphabet `\mathfrak' in version `bold'
(Font)                  U/euf/m/n --> U/euf/b/n on input line 106.
))
(/usr/share/texlive/texmf-dist/tex/latex/stackengine/stackengine.sty
Package: stackengine 2017/02/13 v4.01\ Stacking text and objects in convenient 
ways

(/usr/share/texlive/texmf-dist/tex/latex/etoolbox/etoolbox.sty
Package: etoolbox 2019/09/21 v2.5h e-TeX tools for LaTeX (JAW)
\etb@tempcnta=\count266
)
(/usr/share/texlive/texmf-dist/tex/generic/listofitems/listofitems.sty
(/usr/share/texlive/texmf-dist/tex/generic/listofitems/listofitems.tex
\loi_cnt_foreach_nest=\count267
\loi_nestcnt=\count268
)
Package: listofitems 2019/08/21 v1.63 Grab items in lists using user-specified 
sep char (CT)
)
\c@@stackindex=\count269
\@boxshift=\skip70
\stack@tmplength=\skip71
\temp@stkl=\skip72
\@stackedboxwidth=\skip73
\@addedbox=\box58
\@anchorbox=\box59
\stackedbox=\box60
\@centerbox=\box61
\c@ROWcellindex@=\count270
)
(/usr/share/texlive/texmf-dist/tex/generic/ulem/ulem.sty
\UL@box=\box62
\UL@hyphenbox=\box63
\UL@skip=\skip74
\UL@hook=\toks28
\UL@height=\dimen171
\UL@pe=\count271
\UL@pixel=\dimen172
\ULC@box=\box64
Package: ulem 2019/11/18
\ULdepth=\dimen173
)
\xrefbox=\box65
\xreflength=\skip75
\CodeWidthChar=\skip76
\CodeHeightChar=\skip77
\DoxyCodeWidth=\skip78
)
(/usr/share/texlive/texmf-dist/tex/latex/base/inputenc.sty
Package: inputenc 2018/08/11 v1.3c Input encoding file
\inpenc@prehook=\toks29
\inpenc@posthook=\toks30
)
(/usr/share/texlive/texmf-dist/tex/latex/base/makeidx.sty
Package: makeidx 2014/09/29 v1.0m Standard LaTeX package
)
(/usr/share/texlive/texmf-dist/tex/latex/tools/multicol.sty
Package: multicol 2019/12/09 v1.8y multicolumn formatting (FMi)
\c@tracingmulticols=\count272
\mult@box=\box66
\multicol@leftmargin=\dimen174
\c@unbalance=\count273
\c@collectmore=\count274
\doublecol@number=\count275
\multicoltolerance=\count276
\multicolpretolerance=\count277
\full@width=\dimen175
\page@free=\dimen176
\premulticols=\dimen177
\postmulticols=\dimen178
\multicolsep=\skip79
\multicolbaselineskip=\skip80
\partial@page=\box67
\last@line=\box68
\maxbalancingoverflow=\dimen179
\mult@rightbox=\box69
\mult@grightbox=\box70
\mult@gfirstbox=\box71
\mult@firstbox=\box72
\@tempa=\box73
\@tempa=\box74
\@tempa=\box75
\@tempa=\box76
\@tempa=\box77
\@tempa=\box78
\@tempa=\box79
\@tempa=\box80
\@tempa=\box81
\@tempa=\box82
\@tempa=\box83
\@tempa=\box84
\@tempa=\box85
\@tempa=\box86
\@tempa=\box87
\@tempa=\box88
\@tempa=\box89
\@tempa=\box90
\@tempa=\box91
\@tempa=\box92
\@tempa=\box93
\@tempa=\box94
\@tempa=\box95
\@tempa=\box96
\@tempa=\box97
\@tempa=\box98
\@tempa=\box99
\@tempa=\box100
\@tempa=\box101
\@tempa=\box102
\@tempa=\box103
\@tempa=\box104
\@tempa=\box105
\@tempa=\box106
\@tempa=\box107
\@tempa=\box108
\@tempa=\box109
\c@minrows=\count278
\c@columnbadness=\count279
\c@finalcolumnbadness=\count280
\last@try=\dimen180
\multicolovershoot=\dimen181
\multicolundershoot=\dimen182
\mult@nat@firstbox=\box110
\colbreak@box=\box111
\mc@col@check@num=\count281
)
(/usr/share/texlive/texmf-dist/tex/latex/base/textcomp.sty
Package: textcomp 2020/02/02 v2.0n Standard LaTeX package
)
(/usr/share/texlive/texmf-dist/tex/latex/wasysym/wasysym.sty
Package: wasysym 2020/01/19 v2.4 Wasy-2 symbol support package
\symwasy=\mathgroup6
LaTeX Font Info:    Overwriting symbol font `wasy' in version `bold'
(Font)                  U/wasy/m/n --> U/wasy/b/n on input line 93.
)
(/usr/share/texlive/texmf-dist/tex/generic/iftex/ifxetex.sty
Package: ifxetex 2019/10/25 v0.7 ifxetex legacy package. Use iftex instead.
)
(/usr/share/texlive/texmf-dist/tex/latex/base/fontenc.sty
Package: fontenc 2020/02/11 v2.0o Standard LaTeX package
)
(/usr/share/texlive/texmf-dist/tex/latex/psnfss/helvet.sty
Package: helvet 2005/04/12 PSNFSS-v9.2a (WaS) 
)
(/usr/share/texlive/texmf-dist/tex/latex/psnfss/courier.sty
Package: courier 2005/04/12 PSNFSS-v9.2a (WaS) 
)
(/usr/share/texlive/texmf-dist/tex/latex/sectsty/sectsty.sty
Package: sectsty 2002/02/25 v2.0.2 Commands to change all sectional heading sty
les


LaTeX Warning: Command \underbar  has changed.
               Check if current package is valid.


LaTeX Warning: Command \underline  has changed.
               Check if current package is valid.

) (/usr/share/texlive/texmf-dist/tex/latex/geometry/geometry.sty
Package: geometry 2020/01/02 v5.9 Page Geometry

(/usr/share/texlive/texmf-dist/tex/generic/iftex/ifvtex.sty
Package: ifvtex 2019/10/25 v1.7 ifvtex legacy package. Use iftex instead.
)
\Gm@cnth=\count282
\Gm@cntv=\count283
\c@Gm@tempcnt=\count284
\Gm@bindingoffset=\dimen183
\Gm@wd@mp=\dimen184
\Gm@odd@mp=\dimen185
\Gm@even@mp=\dimen186
\Gm@layoutwidth=\dimen187
\Gm@layoutheight=\dimen188
\Gm@layouthoffset=\dimen189
\Gm@layoutvoffset=\dimen190
\Gm@dimlist=\toks31
)
(/usr/share/texlive/texmf-dist/tex/latex/fancyhdr/fancyhdr.sty
Package: fancyhdr 2019/01/31 v3.10 Extensive control of page headers and footer
s
\f@nch@headwidth=\skip81
\f@nch@O@elh=\skip82
\f@nch@O@erh=\skip83
\f@nch@O@olh=\skip84
\f@nch@O@orh=\skip85
\f@nch@O@elf=\skip86
\f@nch@O@erf=\skip87
\f@nch@O@olf=\skip88
\f@nch@O@orf=\skip89
)
(/usr/share/texlive/texmf-dist/tex/latex/natbib/natbib.sty
Package: natbib 2010/09/13 8.31b (PWD, AO)
\bibhang=\skip90
\bibsep=\skip91
LaTeX Info: Redefining \cite on input line 694.
\c@NAT@ctr=\count285
)
(/usr/share/texlive/texmf-dist/tex/latex/tocloft/tocloft.sty
Package: tocloft 2017/08/31 v2.3i parameterised ToC, etc., typesetting
Package tocloft Info: The document has chapter divisions on input line 51.
\cftparskip=\skip92
\cftbeforetoctitleskip=\skip93
\cftaftertoctitleskip=\skip94
\cftbeforepartskip=\skip95
\cftpartnumwidth=\skip96
\cftpartindent=\skip97
\cftbeforechapskip=\skip98
\cftchapindent=\skip99
\cftchapnumwidth=\skip100
\cftbeforesecskip=\skip101
\cftsecindent=\skip102
\cftsecnumwidth=\skip103
\cftbeforesubsecskip=\skip104
\cftsubsecindent=\skip105
\cftsubsecnumwidth=\skip106
\cftbeforesubsubsecskip=\skip107
\cftsubsubsecindent=\skip108
\cftsubsubsecnumwidth=\skip109
\cftbeforeparaskip=\skip110
\cftparaindent=\skip111
\cftparanumwidth=\skip112
\cftbeforesubparaskip=\skip113
\cftsubparaindent=\skip114
\cftsubparanumwidth=\skip115
\cftbeforeloftitleskip=\skip116
\cftafterloftitleskip=\skip117
\cftbeforefigskip=\skip118
\cftfigindent=\skip119
\cftfignumwidth=\skip120
\c@lofdepth=\count286
\c@lotdepth=\count287
\cftbeforelottitleskip=\skip121
\cftafterlottitleskip=\skip122
\cftbeforetabskip=\skip123
\cfttabindent=\skip124
\cfttabnumwidth=\skip125
)
\@indexfile=\write4
\openout4 = `refman.idx'.


Writing index file refman.idx
(/usr/share/texlive/texmf-dist/tex/latex/newunicodechar/newunicodechar.sty
Package: newunicodechar 2018/04/08 v1.2 Defining Unicode characters
)

Package newunicodechar Warning: Redefining Unicode character on input line 116.



Package newunicodechar Warning: Redefining Unicode character on input line 117.


(/usr/share/texlive/texmf-dist/tex/latex/hyperref/hyperref.sty
Package: hyperref 2020/01/14 v7.00d Hypertext links for LaTeX

(/usr/share/texlive/texmf-dist/tex/generic/ltxcmds/ltxcmds.sty
Package: ltxcmds 2019/12/15 v1.24 LaTeX kernel commands for general use (HO)
)
(/usr/share/texlive/texmf-dist/tex/latex/pdftexcmds/pdftexcmds.sty
Package: pdftexcmds 2019/11/24 v0.31 Utility functions of pdfTeX for LuaTeX (HO
)

(/usr/share/texlive/texmf-dist/tex/generic/infwarerr/infwarerr.sty
Package: infwarerr 2019/12/03 v1.5 Providing info/warning/error messages (HO)
)
Package pdftexcmds Info: \pdf@primitive is available.
Package pdftexcmds Info: \pdf@ifprimitive is available.
Package pdftexcmds Info: \pdfdraftmode found.
)
(/usr/share/texlive/texmf-dist/tex/generic/kvsetkeys/kvsetkeys.sty
Package: kvsetkeys 2019/12/15 v1.18 Key value parser (HO)
)
(/usr/share/texlive/texmf-dist/tex/generic/kvdefinekeys/kvdefinekeys.sty
Package: kvdefinekeys 2019-12-19 v1.6 Define keys (HO)
)
(/usr/share/texlive/texmf-dist/tex/generic/pdfescape/pdfescape.sty
Package: pdfescape 2019/12/09 v1.15 Implements pdfTeX's escape features (HO)
)
(/usr/share/texlive/texmf-dist/tex/latex/hycolor/hycolor.sty
Package: hycolor 2020-01-27 v1.10 Color options for hyperref/bookmark (HO)
)
(/usr/share/texlive/texmf-dist/tex/latex/letltxmacro/letltxmacro.sty
Package: letltxmacro 2019/12/03 v1.6 Let assignment for LaTeX macros (HO)
)
(/usr/share/texlive/texmf-dist/tex/latex/auxhook/auxhook.sty
Package: auxhook 2019-12-17 v1.6 Hooks for auxiliary files (HO)
)
(/usr/share/texlive/texmf-dist/tex/latex/kvoptions/kvoptions.sty
Package: kvoptions 2019/11/29 v3.13 Key value format for package options (HO)
)
\@linkdim=\dimen191
\Hy@linkcounter=\count288
\Hy@pagecounter=\count289

(/usr/share/texlive/texmf-dist/tex/latex/hyperref/pd1enc.def
File: pd1enc.def 2020/01/14 v7.00d Hyperref: PDFDocEncoding definition (HO)
Now handling font encoding PD1 ...
... no UTF-8 mapping file for font encoding PD1
)
(/usr/share/texlive/texmf-dist/tex/generic/intcalc/intcalc.sty
Package: intcalc 2019/12/15 v1.3 Expandable calculations with integers (HO)
)
(/usr/share/texlive/texmf-dist/tex/generic/etexcmds/etexcmds.sty
Package: etexcmds 2019/12/15 v1.7 Avoid name clashes with e-TeX commands (HO)
)
\Hy@SavedSpaceFactor=\count290
\pdfmajorversion=\count291
Package hyperref Info: Hyper figures OFF on input line 4547.
Package hyperref Info: Link nesting OFF on input line 4552.
Package hyperref Info: Hyper index ON on input line 4555.
Package hyperref Info: Plain pages OFF on input line 4562.
Package hyperref Info: Backreferencing ON on input line 4565.
Package hyperref Info: Implicit mode ON; LaTeX internals redefined.
Package hyperref Info: Bookmarks ON on input line 4800.

(/usr/share/texlive/texmf-dist/tex/latex/hyperref/backref.sty
Package: backref 2020/01/14 v1.40 Bibliographical back referencing

(/usr/share/texlive/texmf-dist/tex/latex/rerunfilecheck/rerunfilecheck.sty
Package: rerunfilecheck 2019/12/05 v1.9 Rerun checks for auxiliary files (HO)

(/usr/share/texlive/texmf-dist/tex/latex/atveryend/atveryend.sty
Package: atveryend 2019-12-11 v1.11 Hooks at the very end of document (HO)
)
(/usr/share/texlive/texmf-dist/tex/generic/uniquecounter/uniquecounter.sty
Package: uniquecounter 2019/12/15 v1.4 Provide unlimited unique counter (HO)

(/usr/share/texlive/texmf-dist/tex/generic/bigintcalc/bigintcalc.sty
Package: bigintcalc 2019/12/15 v1.5 Expandable calculations on big integers (HO
)
))
Package uniquecounter Info: New unique counter `rerunfilecheck' on input line 2
86.
))
\c@Hy@tempcnt=\count292

(/usr/share/texlive/texmf-dist/tex/latex/url/url.sty
\Urlmuskip=\muskip16
Package: url 2013/09/16  ver 3.4  Verb mode for urls, etc.
)
LaTeX Info: Redefining \url on input line 5159.
\XeTeXLinkMargin=\dimen192

(/usr/share/texlive/texmf-dist/tex/generic/bitset/bitset.sty
Package: bitset 2019/12/09 v1.3 Handle bit-vector datatype (HO)
)
\Fld@menulength=\count293
\Field@Width=\dimen193
\Fld@charsize=\dimen194
Package hyperref Info: Hyper figures OFF on input line 6430.
Package hyperref Info: Link nesting OFF on input line 6435.
Package hyperref Info: Hyper index ON on input line 6438.
Package hyperref Info: backreferencing ON on input line 6443.
Package hyperref Info: Link coloring OFF on input line 6450.
Package hyperref Info: Link coloring with OCG OFF on input line 6455.
Package hyperref Info: PDF/A mode OFF on input line 6460.
LaTeX Info: Redefining \ref on input line 6500.
LaTeX Info: Redefining \pageref on input line 6504.

(/usr/share/texlive/texmf-dist/tex/generic/atbegshi/atbegshi.sty
Package: atbegshi 2019/12/05 v1.19 At begin shipout hook (HO)
)
\Hy@abspage=\count294
\c@Item=\count295
\c@Hfootnote=\count296
)
Package hyperref Info: Driver: hpdftex.

(/usr/share/texlive/texmf-dist/tex/latex/hyperref/hpdftex.def
File: hpdftex.def 2020/01/14 v7.00d Hyperref driver for pdfTeX
\Fld@listcount=\count297
\c@bookmark@seq@number=\count298
\Hy@SectionHShift=\skip126
)
Package hyperref Info: Option `colorlinks' set `true' on input line 135.
Package hyperref Info: Option `unicode' set `true' on input line 135.

(/usr/share/texlive/texmf-dist/tex/latex/hyperref/puenc.def
File: puenc.def 2020/01/14 v7.00d Hyperref: PDF Unicode definition (HO)
Now handling font encoding PU ...
... no UTF-8 mapping file for font encoding PU
)
(/usr/share/texlive/texmf-dist/tex/latex/caption/caption.sty
Package: caption 2020/01/03 v3.4h Customizing captions (AR)

(/usr/share/texlive/texmf-dist/tex/latex/caption/caption3.sty
Package: caption3 2020/01/03 v1.8h caption3 kernel (AR)
Package caption3 Info: TeX engine: e-TeX on input line 61.
\captionmargin=\dimen195
\captionmargin@=\dimen196
\captionwidth=\dimen197
\caption@tempdima=\dimen198
\caption@indent=\dimen199
\caption@parindent=\dimen256
\caption@hangindent=\dimen257
Package caption Info: Standard document class detected.
)
\c@caption@flags=\count299
\c@continuedfloat=\count300
Package caption Info: float package is loaded.
Package caption Info: hyperref package is loaded.
Package caption Info: longtable package is loaded.

(/usr/share/texlive/texmf-dist/tex/latex/caption/ltcaption.sty
Package: ltcaption 2018/08/26 v1.4a longtable captions (AR)
))
(/usr/share/texlive/texmf-dist/tex/latex/etoc/etoc.sty
Package: etoc 2019/11/17 v1.09b Completely customisable TOCs (JFB)
\Etoc@toctoks=\toks32
\c@etoc@tocid=\count301
\c@etoc@tocdepth=\count302
\etoc@framed@titlebox=\box112
\etoc@framed@contentsbox=\box113
)
(/usr/share/texlive/texmf-dist/tex/latex/l3backend/l3backend-pdfmode.def
File: l3backend-pdfmode.def 2020-02-03 L3 backend support: PDF mode
\l__kernel_color_stack_int=\count303
\l__pdf_internal_box=\box114
)
(./refman.aux)
\openout1 = `refman.aux'.

LaTeX Font Info:    Checking defaults for OML/cmm/m/it on input line 150.
LaTeX Font Info:    ... okay on input line 150.
LaTeX Font Info:    Checking defaults for OMS/cmsy/m/n on input line 150.
LaTeX Font Info:    ... okay on input line 150.
LaTeX Font Info:    Checking defaults for OT1/cmr/m/n on input line 150.
LaTeX Font Info:    ... okay on input line 150.
LaTeX Font Info:    Checking defaults for T1/cmr/m/n on input line 150.
LaTeX Font Info:    ... okay on input line 150.
LaTeX Font Info:    Checking defaults for TS1/cmr/m/n on input line 150.
LaTeX Font Info:    ... okay on input line 150.
LaTeX Font Info:    Checking defaults for OMX/cmex/m/n on input line 150.
LaTeX Font Info:    ... okay on input line 150.
LaTeX Font Info:    Checking defaults for U/cmr/m/n on input line 150.
LaTeX Font Info:    ... okay on input line 150.
LaTeX Font Info:    Checking defaults for PD1/pdf/m/n on input line 150.
LaTeX Font Info:    ... okay on input line 150.
LaTeX Font Info:    Checking defaults for PU/pdf/m/n on input line 150.
LaTeX Font Info:    ... okay on input line 150.
LaTeX Font Info:    Trying to load font information for T1+phv on input line 15
0.
 (/usr/share/texlive/texmf-dist/tex/latex/psnfss/t1phv.fd
File: t1phv.fd 2001/06/04 scalable font definitions for T1/phv.
)
LaTeX Font Info:    Font shape `T1/phv/m/n' will be
(Font)              scaled to size 8.99994pt on input line 150.

(/usr/share/texlive/texmf-dist/tex/context/base/mkii/supp-pdf.mkii
[Loading MPS to PDF converter (version 2006.09.02).]
\scratchcounter=\count304
\scratchdimen=\dimen258
\scratchbox=\box115
\nofMPsegments=\count305
\nofMParguments=\count306
\everyMPshowfont=\toks33
\MPscratchCnt=\count307
\MPscratchDim=\dimen259
\MPnumerator=\count308
\makeMPintoPDFobject=\count309
\everyMPtoPDFconversion=\toks34
) (/usr/share/texlive/texmf-dist/tex/latex/epstopdf-pkg/epstopdf-base.sty
Package: epstopdf-base 2020-01-24 v2.11 Base part for package epstopdf
Package epstopdf-base Info: Redefining graphics rule for `.eps' on input line 4
85.

(/usr/share/texlive/texmf-dist/tex/latex/latexconfig/epstopdf-sys.cfg
File: epstopdf-sys.cfg 2010/07/13 v1.3 Configuration of (r)epstopdf for TeX Liv
e
))
*geometry* driver: auto-detecting
*geometry* detected driver: pdftex
*geometry* verbose mode - [ preamble ] result:
* driver: pdftex
* paper: a4paper
* layout: <same size as paper>
* layoutoffset:(h,v)=(0.0pt,0.0pt)
* modes: twoside 
* h-part:(L,W,R)=(71.13188pt, 455.24411pt, 71.13188pt)
* v-part:(T,H,B)=(71.13188pt, 702.78308pt, 71.13188pt)
* \paperwidth=597.50787pt
* \paperheight=845.04684pt
* \textwidth=455.24411pt
* \textheight=702.78308pt
* \oddsidemargin=-1.1381pt
* \evensidemargin=-1.1381pt
* \topmargin=-31.2056pt
* \headheight=12.0pt
* \headsep=18.06749pt
* \topskip=10.0pt
* \footskip=25.29494pt
* \marginparwidth=125.0pt
* \marginparsep=7.0pt
* \columnsep=10.0pt
* \skip\footins=9.0pt plus 4.0pt minus 2.0pt
* \hoffset=0.0pt
* \voffset=0.0pt
* \mag=1000
* \@twocolumnfalse
* \@twosidetrue
* \@mparswitchtrue
* \@reversemarginfalse
* (1in=72.27pt=25.4mm, 1cm=28.453pt)

Package backref Info: ** backref set up for natbib ** on input line 150.
\AtBeginShipoutBox=\box116
Package hyperref Info: Link coloring ON on input line 150.
(/usr/share/texlive/texmf-dist/tex/latex/hyperref/nameref.sty
Package: nameref 2019/09/16 v2.46 Cross-referencing by name of section

(/usr/share/texlive/texmf-dist/tex/latex/refcount/refcount.sty
Package: refcount 2019/12/15 v3.6 Data extraction from label references (HO)
)
(/usr/share/texlive/texmf-dist/tex/generic/gettitlestring/gettitlestring.sty
Package: gettitlestring 2019/12/15 v1.6 Cleanup title references (HO)
)
\c@section@level=\count310
)
LaTeX Info: Redefining \ref on input line 150.
LaTeX Info: Redefining \pageref on input line 150.
LaTeX Info: Redefining \nameref on input line 150.

(./refman.out) (./refman.out)
\@outlinefile=\write5
\openout5 = `refman.out'.

Package caption Info: Begin \AtBeginDocument code.
Package caption Info: End \AtBeginDocument code.
\Etoc@tf=\read4
Package hyperref Info: Option `pageanchor' set `false' on input line 156.
Package hyperref Info: Option `bookmarksnumbered' set `true' on input line 156.

Package hyperref Info: Option `unicode' set `true' on input line 156.
LaTeX Font Info:    Font shape `T1/phv/m/n' will be
(Font)              scaled to size 12.9599pt on input line 161.
LaTeX Font Info:    Font shape `T1/phv/m/n' will be
(Font)              scaled to size 10.79993pt on input line 163.
 [1


{/var/lib/texmf/fonts/map/pdftex/updmap/pdftex.map}] [2

]
\tf@toc=\write6
\openout6 = `refman.toc'.

LaTeX Font Info:    Font shape `T1/phv/b/n' will be
(Font)              scaled to size 8.99994pt on input line 169.
LaTeX Font Info:    Trying to load font information for U+msa on input line 169
.
 (/usr/share/texlive/texmf-dist/tex/latex/amsfonts/umsa.fd
File: umsa.fd 2013/01/14 v3.01 AMS symbols A
)
LaTeX Font Info:    Trying to load font information for U+msb on input line 169
.

(/usr/share/texlive/texmf-dist/tex/latex/amsfonts/umsb.fd
File: umsb.fd 2013/01/14 v3.01 AMS symbols B
)
LaTeX Font Info:    Trying to load font information for U+wasy on input line 16
9.

(/usr/share/texlive/texmf-dist/tex/latex/wasysym/uwasy.fd
File: uwasy.fd 2020/01/19 v2.4 Wasy-2 symbol font definitions
)
LaTeX Font Info:    Font shape `T1/phv/m/n' will be
(Font)              scaled to size 6.29996pt on input line 169.
LaTeX Font Info:    Font shape `T1/phv/m/n' will be
(Font)              scaled to size 7.19995pt on input line 169.
LaTeX Font Info:    Trying to load font information for T1+pcr on input line 16
9.

(/usr/share/texlive/texmf-dist/tex/latex/psnfss/t1pcr.fd
File: t1pcr.fd 2001/06/04 font definitions for T1/pcr.
)
LaTeX Font Info:    Font shape `T1/phv/b/n' will be
(Font)              scaled to size 6.29996pt on input line 169.
 [1] [2] [3] [4]
[5] [6] [7] [8] [9] [10] [11] [12] [13] [14

]
Package hyperref Info: Option `pageanchor' set `true' on input line 171.

Chapter 1.
LaTeX Font Info:    Font shape `T1/phv/m/n' will be
(Font)              scaled to size 18.66588pt on input line 174.
LaTeX Font Info:    Font shape `T1/phv/b/n' will be
(Font)              scaled to size 18.66588pt on input line 174.
LaTeX Font Info:    Font shape `T1/phv/bc/n' will be
(Font)              scaled to size 18.66588pt on input line 174.
LaTeX Font Info:    Font shape `T1/phv/m/n' will be
(Font)              scaled to size 22.39185pt on input line 174.
LaTeX Font Info:    Font shape `T1/phv/b/n' will be
(Font)              scaled to size 22.39185pt on input line 174.
LaTeX Font Info:    Font shape `T1/phv/bc/n' will be
(Font)              scaled to size 22.39185pt on input line 174.
(./hierarchy.tex
LaTeX Font Info:    Font shape `T1/phv/b/n' will be
(Font)              scaled to size 12.9599pt on input line 1.
) [1

] [2

]
Chapter 2.
(./annotated.tex) [3] [4

]
Chapter 3.
(./files.tex) [5] [6

]
Chapter 4.
(./classAggregatedProblem.tex <./classAggregatedProblem__coll__graph.pdf

pdfTeX warning: pdflatex (file ./classAggregatedProblem__coll__graph.pdf): PDF 
inclusion: multiple pdfs with page group included in a single page
>
<classAggregatedProblem__coll__graph.pdf, id=2958, 433.62pt x 234.8775pt>
File: classAggregatedProblem__coll__graph.pdf Graphic file (type pdf)
<use classAggregatedProblem__coll__graph.pdf>
Package pdftex.def Info: classAggregatedProblem__coll__graph.pdf  used on input
 line 13.
(pdftex.def)             Requested size: 350.0pt x 189.59387pt.
LaTeX Font Info:    Font shape `T1/phv/b/n' will be
(Font)              scaled to size 10.79993pt on input line 16.
LaTeX Font Info:    Trying to load font information for TS1+phv on input line 1
9.
 (/usr/share/texlive/texmf-dist/tex/latex/psnfss/ts1phv.fd
File: ts1phv.fd 2001/06/04 scalable font definitions for TS1/phv.
)
LaTeX Font Info:    Font shape `TS1/phv/m/n' will be
(Font)              scaled to size 8.99994pt on input line 19.
 [7])
(./classBasePricing.tex <./classBasePricing__inherit__graph.pdf>
<classBasePricing__inherit__graph.pdf, id=2984, 205.76875pt x 156.585pt>
File: classBasePricing__inherit__graph.pdf Graphic file (type pdf)
<use classBasePricing__inherit__graph.pdf>
Package pdftex.def Info: classBasePricing__inherit__graph.pdf  used on input li
ne 13.
(pdftex.def)             Requested size: 205.0pt x 156.00162pt.
 <./classBasePricing__coll__graph.pdf

pdfTeX warning: pdflatex (file ./classBasePricing__coll__graph.pdf): PDF inclus
ion: multiple pdfs with page group included in a single page
>
<classBasePricing__coll__graph.pdf, id=2992, 368.37625pt x 256.96pt>
File: classBasePricing__coll__graph.pdf Graphic file (type pdf)
<use classBasePricing__coll__graph.pdf>
Package pdftex.def Info: classBasePricing__coll__graph.pdf  used on input line 
22.
(pdftex.def)             Requested size: 350.0pt x 244.13805pt.
 [8]
LaTeX Font Info:    Font shape `T1/phv/b/n' will be
(Font)              scaled to size 7.19995pt on input line 75.
LaTeX Font Info:    Font shape `T1/pcr/m/it' in size <8> not available
(Font)              Font shape `T1/pcr/m/sl' tried instead on input line 76.
LaTeX Font Info:    Font shape `T1/pcr/m/it' in size <7> not available
(Font)              Font shape `T1/pcr/m/sl' tried instead on input line 76.
 [9]) (./classDemandScenario.tex [10] <./classDemandScenario__coll__graph.pdf

pdfTeX warning: pdflatex (file ./classDemandScenario__coll__graph.pdf): PDF inc
lusion: multiple pdfs with page group included in a single page
>
<classDemandScenario__coll__graph.pdf, id=3067, 189.70876pt x 167.62625pt>
File: classDemandScenario__coll__graph.pdf Graphic file (type pdf)
<use classDemandScenario__coll__graph.pdf>
Package pdftex.def Info: classDemandScenario__coll__graph.pdf  used on input li
ne 13.
(pdftex.def)             Requested size: 189.0pt x 167.00427pt.
) (./structDestination.tex [11] <./structDestination__inherit__graph.pdf>
<structDestination__inherit__graph.pdf, id=3096, 153.57375pt x 156.585pt>
File: structDestination__inherit__graph.pdf Graphic file (type pdf)
<use structDestination__inherit__graph.pdf>
Package pdftex.def Info: structDestination__inherit__graph.pdf  used on input l
ine 13.
(pdftex.def)             Requested size: 153.0pt x 156.00879pt.
 <./structDestination__coll__graph.pdf

pdfTeX warning: pdflatex (file ./structDestination__coll__graph.pdf): PDF inclu
sion: multiple pdfs with page group included in a single page
>
<structDestination__coll__graph.pdf, id=3104, 160.6pt x 224.84pt>
File: structDestination__coll__graph.pdf Graphic file (type pdf)
<use structDestination__coll__graph.pdf>
Package pdftex.def Info: structDestination__coll__graph.pdf  used on input line
 22.
(pdftex.def)             Requested size: 160.0pt x 224.00577pt.
 [12]) (./structInitialPosition.tex <./structInitialPosition__inherit__graph.pd
f>
<structInitialPosition__inherit__graph.pdf, id=3121, 163.61125pt x 156.585pt>
File: structInitialPosition__inherit__graph.pdf Graphic file (type pdf)
<use structInitialPosition__inherit__graph.pdf>
Package pdftex.def Info: structInitialPosition__inherit__graph.pdf  used on inp
ut line 13.
(pdftex.def)             Requested size: 163.0pt x 155.99922pt.
 <./structInitialPosition__coll__graph.pdf

pdfTeX warning: pdflatex (file ./structInitialPosition__coll__graph.pdf): PDF i
nclusion: multiple pdfs with page group included in a single page
>
<structInitialPosition__coll__graph.pdf, id=3129, 165.61874pt x 224.84pt>
File: structInitialPosition__coll__graph.pdf Graphic file (type pdf)
<use structInitialPosition__coll__graph.pdf>
Package pdftex.def Info: structInitialPosition__coll__graph.pdf  used on input 
line 22.
(pdftex.def)             Requested size: 165.0pt x 224.00919pt.
 [13]) (./structIntermediateVertex.tex <./structIntermediateVertex__inherit__gr
aph.pdf>
<structIntermediateVertex__inherit__graph.pdf, id=3147, 191.71625pt x 156.585pt
>
File: structIntermediateVertex__inherit__graph.pdf Graphic file (type pdf)
<use structIntermediateVertex__inherit__graph.pdf>
Package pdftex.def Info: structIntermediateVertex__inherit__graph.pdf  used on 
input line 13.
(pdftex.def)             Requested size: 191.0pt x 156.00879pt.
 <./structIntermediateVertex__coll__graph.pdf

pdfTeX warning: pdflatex (file ./structIntermediateVertex__coll__graph.pdf): PD
F inclusion: multiple pdfs with page group included in a single page
>
<structIntermediateVertex__coll__graph.pdf, id=3155, 191.71625pt x 224.84pt>
File: structIntermediateVertex__coll__graph.pdf Graphic file (type pdf)
<use structIntermediateVertex__coll__graph.pdf>
Package pdftex.def Info: structIntermediateVertex__coll__graph.pdf  used on inp
ut line 22.
(pdftex.def)             Requested size: 191.0pt x 224.01262pt.
 [14]) (./classOSRMHelper.tex [15] [16]) (./classParams.tex <./classParams__col
l__graph.pdf

pdfTeX warning: pdflatex (file ./classParams__coll__graph.pdf): PDF inclusion: 
multiple pdfs with page group included in a single page
>
<classParams__coll__graph.pdf, id=3203, 190.7125pt x 189.70876pt>
File: classParams__coll__graph.pdf Graphic file (type pdf)
<use classParams__coll__graph.pdf>
Package pdftex.def Info: classParams__coll__graph.pdf  used on input line 13.
(pdftex.def)             Requested size: 190.0pt x 189.00775pt.
 [17] [18] [19] [20] [21]) (./structPosition.tex [22])
(./classSpacedBellmanPricing_1_1PricingLabel.tex <./classSpacedBellmanPricing_1
_1PricingLabel__coll__graph.pdf

pdfTeX warning: pdflatex (file ./classSpacedBellmanPricing_1_1PricingLabel__col
l__graph.pdf): PDF inclusion: multiple pdfs with page group included in a singl
e page
>
<classSpacedBellmanPricing_1_1PricingLabel__coll__graph.pdf, id=3323, 272.01625
pt x 303.1325pt>
File: classSpacedBellmanPricing_1_1PricingLabel__coll__graph.pdf Graphic file (
type pdf)
<use classSpacedBellmanPricing_1_1PricingLabel__coll__graph.pdf>
Package pdftex.def Info: classSpacedBellmanPricing_1_1PricingLabel__coll__graph
.pdf  used on input line 9.
(pdftex.def)             Requested size: 271.0pt x 302.01703pt.
 [23] [24]) (./structPricingReturn.tex <./structPricingReturn__coll__graph.pdf>
<structPricingReturn__coll__graph.pdf, id=3367, 241.90375pt x 167.62625pt>
File: structPricingReturn__coll__graph.pdf Graphic file (type pdf)
<use structPricingReturn__coll__graph.pdf>
Package pdftex.def Info: structPricingReturn__coll__graph.pdf  used on input li
ne 13.
(pdftex.def)             Requested size: 241.0pt x 167.00684pt.
 [25] [26]) (./classProblemData.tex <./classProblemData__coll__graph.pdf>
<classProblemData__coll__graph.pdf, id=3408, 299.1175pt x 167.62625pt>
File: classProblemData__coll__graph.pdf Graphic file (type pdf)
<use classProblemData__coll__graph.pdf>
Package pdftex.def Info: classProblemData__coll__graph.pdf  used on input line 
13.
(pdftex.def)             Requested size: 298.0pt x 167.01195pt.

[27] [28] [29] [30] [31] [32] [33] [34] [35] [36] [37] [38]
Underfull \hbox (badness 10000) in paragraph at lines 555--556
\T1/pcr/m/n/8 std[]::map$\OML/cmm/m/it/8 <$\T1/pcr/m/n/8 double, double$\OML/cm
m/m/it/8 >$ \T1/pcr/m/n/8 Problem[]Data[]::target[]_[]times[]_[]per[]_[]weight 
= {{1, 30$\OMS/cmsy/m/n/8 ^^C$\T1/pcr/m/n/8 60}, {2, 15$\OMS/cmsy/m/n/8 ^^C$\T1
/pcr/m/n/8 60}, {4,
 []


Overfull \hbox (91.95624pt too wide) in paragraph at lines 579--580
[] \T1/pcr/m/n/8 Problem[]Data[]::waiting[]Station[]Policy = [] 
 []

[39]) (./classProblemSolution.tex <./classProblemSolution__coll__graph.pdf

pdfTeX warning: pdflatex (file ./classProblemSolution__coll__graph.pdf): PDF in
clusion: multiple pdfs with page group included in a single page
>
<classProblemSolution__coll__graph.pdf, id=3703, 496.85625pt x 234.8775pt>
File: classProblemSolution__coll__graph.pdf Graphic file (type pdf)
<use classProblemSolution__coll__graph.pdf>
Package pdftex.def Info: classProblemSolution__coll__graph.pdf  used on input l
ine 13.
(pdftex.def)             Requested size: 350.0pt x 165.45605pt.
 [40] [41] [42] [43]) (./structRequest.tex <./structRequest__inherit__graph.pdf


pdfTeX warning: pdflatex (file ./structRequest__inherit__graph.pdf): PDF inclus
ion: multiple pdfs with page group included in a single page
>
<structRequest__inherit__graph.pdf, id=3822, 136.51pt x 156.585pt>
File: structRequest__inherit__graph.pdf Graphic file (type pdf)
<use structRequest__inherit__graph.pdf>
Package pdftex.def Info: structRequest__inherit__graph.pdf  used on input line 
13.
(pdftex.def)             Requested size: 136.0pt x 156.00879pt.
 <./structRequest__coll__graph.pdf

pdfTeX warning: pdflatex (file ./structRequest__coll__graph.pdf): PDF inclusion
: multiple pdfs with page group included in a single page
>
<structRequest__coll__graph.pdf, id=3830, 151.56625pt x 224.84pt>
File: structRequest__coll__graph.pdf Graphic file (type pdf)
<use structRequest__coll__graph.pdf>
Package pdftex.def Info: structRequest__coll__graph.pdf  used on input line 22.

(pdftex.def)             Requested size: 151.0pt x 224.00233pt.
 [44] [45]) (./structResponseSummary.tex [46] [47]) (./classRoute.tex <./classR
oute__coll__graph.pdf

pdfTeX warning: pdflatex (file ./classRoute__coll__graph.pdf): PDF inclusion: m
ultiple pdfs with page group included in a single page
>
<classRoute__coll__graph.pdf, id=3894, 486.81876pt x 178.6675pt>
File: classRoute__coll__graph.pdf Graphic file (type pdf)
<use classRoute__coll__graph.pdf>
Package pdftex.def Info: classRoute__coll__graph.pdf  used on input line 13.
(pdftex.def)             Requested size: 350.0pt x 128.45238pt.
 [48] [49] [50]) (./classRouteExpander.tex <./classRouteExpander__coll__graph.p
df

pdfTeX warning: pdflatex (file ./classRouteExpander__coll__graph.pdf): PDF incl
usion: multiple pdfs with page group included in a single page
>
<classRouteExpander__coll__graph.pdf, id=3970, 209.78375pt x 256.96pt>
File: classRouteExpander__coll__graph.pdf Graphic file (type pdf)
<use classRouteExpander__coll__graph.pdf>
Package pdftex.def Info: classRouteExpander__coll__graph.pdf  used on input lin
e 13.
(pdftex.def)             Requested size: 209.0pt x 255.99873pt.
 [51] [52]) (./structSCIP__PricerData.tex <./structSCIP__PricerData__coll__grap
h.pdf>
<structSCIP__PricerData__coll__graph.pdf, id=4028, 377.41pt x 324.21124pt>
File: structSCIP__PricerData__coll__graph.pdf Graphic file (type pdf)
<use structSCIP__PricerData__coll__graph.pdf>
Package pdftex.def Info: structSCIP__PricerData__coll__graph.pdf  used on input
 line 18.
(pdftex.def)             Requested size: 350.0pt x 300.66245pt.
 [53] [54] [55] [56]) (./structSCIP__ProbData.tex <./structSCIP__ProbData__coll
__graph.pdf

pdfTeX warning: pdflatex (file ./structSCIP__ProbData__coll__graph.pdf): PDF in
clusion: multiple pdfs with page group included in a single page
>
<structSCIP__ProbData__coll__graph.pdf, id=4104, 752.8125pt x 279.0425pt>
File: structSCIP__ProbData__coll__graph.pdf Graphic file (type pdf)
<use structSCIP__ProbData__coll__graph.pdf>
Package pdftex.def Info: structSCIP__ProbData__coll__graph.pdf  used on input l
ine 14.
(pdftex.def)             Requested size: 350.0pt x 129.73637pt.
 [57] [58]) (./structSCIP__VarData.tex <./structSCIP__VarData__coll__graph.pdf

pdfTeX warning: pdflatex (file ./structSCIP__VarData__coll__graph.pdf): PDF inc
lusion: multiple pdfs with page group included in a single page
>
<structSCIP__VarData__coll__graph.pdf, id=4165, 486.81876pt x 245.91875pt>
File: structSCIP__VarData__coll__graph.pdf Graphic file (type pdf)
<use structSCIP__VarData__coll__graph.pdf>
Package pdftex.def Info: structSCIP__VarData__coll__graph.pdf  used on input li
ne 9.
(pdftex.def)             Requested size: 350.0pt x 176.80243pt.
 [59] [60]) (./classSCIPSolver.tex <./classSCIPSolver__coll__graph.pdf>
<classSCIPSolver__coll__graph.pdf, id=4195, 368.37625pt x 256.96pt>
File: classSCIPSolver__coll__graph.pdf Graphic file (type pdf)
<use classSCIPSolver__coll__graph.pdf>
Package pdftex.def Info: classSCIPSolver__coll__graph.pdf  used on input line 1
3.
(pdftex.def)             Requested size: 350.0pt x 244.13805pt.

[61]) (./classSpacedBellmanPricing.tex <./classSpacedBellmanPricing__inherit__g
raph.pdf>
<classSpacedBellmanPricing__inherit__graph.pdf, id=4234, 205.76875pt x 156.585p
t>
File: classSpacedBellmanPricing__inherit__graph.pdf Graphic file (type pdf)
<use classSpacedBellmanPricing__inherit__graph.pdf>
Package pdftex.def Info: classSpacedBellmanPricing__inherit__graph.pdf  used on
 input line 13.
(pdftex.def)             Requested size: 205.0pt x 156.00162pt.
 [62] <./classSpacedBellmanPricing__coll__graph.pdf

pdfTeX warning: pdflatex (file ./classSpacedBellmanPricing__coll__graph.pdf): P
DF inclusion: multiple pdfs with page group included in a single page
>
<classSpacedBellmanPricing__coll__graph.pdf, id=4253, 1081.03876pt x 466.74374p
t>
File: classSpacedBellmanPricing__coll__graph.pdf Graphic file (type pdf)
<use classSpacedBellmanPricing__coll__graph.pdf>
Package pdftex.def Info: classSpacedBellmanPricing__coll__graph.pdf  used on in
put line 22.
(pdftex.def)             Requested size: 350.0pt x 151.11304pt.
 [63]
Underfull \hbox (badness 2334) in paragraph at lines 57--59
[]\T1/phv/m/n/10 void [] (int in-dex, [] &just[]_[]added, std[]::multiset$\OML/
cmm/m/it/10 <$ \T1/phv/m/n/10 unique[]_[]ptr$\OML/cmm/m/it/10 <$ [] $>$\T1/phv/
m/n/10 ,
 []

[64] [65]
Underfull \hbox (badness 10000) in paragraph at lines 186--187
|  \T1/pcr/m/n/8 std[]::multiset$\OML/cmm/m/it/8 <$ \T1/pcr/m/n/8 unique[]_[]pt
r$\OML/cmm/m/it/8 <$ [] $>$\T1/pcr/m/n/8 , decltype([]) $\OMS/cmsy/m/n/8 ^^C$ $
\OML/cmm/m/it/8 >$[]\T1/pcr/m/n/8 ::iterator
 []

[66] [67]
Underfull \hbox (badness 10000) in paragraph at lines 249--250
\T1/pcr/m/n/8 vector$\OML/cmm/m/it/8 <$ \T1/pcr/m/n/8 std[]::multiset $\OML/cmm
/m/it/8 <$ \T1/pcr/m/n/8 std[]::unique[]_[]ptr$\OML/cmm/m/it/8 <$[]$>$ \T1/pcr/
m/n/8 , decltype([])$\OMS/cmsy/m/n/8 ^^C$ $\OML/cmm/m/it/8 >$ $>$ \T1/pcr/m/n/8
 Spaced[]
 []

[68]) (./classStochasticInfo.tex <./classStochasticInfo__coll__graph.pdf

pdfTeX warning: pdflatex (file ./classStochasticInfo__coll__graph.pdf): PDF inc
lusion: multiple pdfs with page group included in a single page
>
<classStochasticInfo__coll__graph.pdf, id=4436, 236.885pt x 167.62625pt>
File: classStochasticInfo__coll__graph.pdf Graphic file (type pdf)
<use classStochasticInfo__coll__graph.pdf>
Package pdftex.def Info: classStochasticInfo__coll__graph.pdf  used on input li
ne 13.
(pdftex.def)             Requested size: 236.0pt x 167.00427pt.
 [69] [70]) (./structVehicle.tex [71]) (./structVertex.tex <./structVertex__inh
erit__graph.pdf

pdfTeX warning: pdflatex (file ./structVertex__inherit__graph.pdf): PDF inclusi
on: multiple pdfs with page group included in a single page
>
<structVertex__inherit__graph.pdf, id=4504, 566.115pt x 156.585pt>
File: structVertex__inherit__graph.pdf Graphic file (type pdf)
<use structVertex__inherit__graph.pdf>
Package pdftex.def Info: structVertex__inherit__graph.pdf  used on input line 1
3.
(pdftex.def)             Requested size: 350.0pt x 96.81169pt.
 <./structVertex__coll__graph.pdf

pdfTeX warning: pdflatex (file ./structVertex__coll__graph.pdf): PDF inclusion:
 multiple pdfs with page group included in a single page
>
<structVertex__coll__graph.pdf, id=4512, 151.56625pt x 167.62625pt>
File: structVertex__coll__graph.pdf Graphic file (type pdf)
<use structVertex__coll__graph.pdf>
Package pdftex.def Info: structVertex__coll__graph.pdf  used on input line 22.
(pdftex.def)             Requested size: 151.0pt x 167.00172pt.
 [72] [73]) (./structWaitingStation.tex <./structWaitingStation__inherit__graph
.pdf>
<structWaitingStation__inherit__graph.pdf, id=4553, 168.63pt x 156.585pt>
File: structWaitingStation__inherit__graph.pdf Graphic file (type pdf)
<use structWaitingStation__inherit__graph.pdf>
Package pdftex.def Info: structWaitingStation__inherit__graph.pdf  used on inpu
t line 13.
(pdftex.def)             Requested size: 168.0pt x 156.004pt.
 <./structWaitingStation__coll__graph.pdf

pdfTeX warning: pdflatex (file ./structWaitingStation__coll__graph.pdf): PDF in
clusion: multiple pdfs with page group included in a single page
>
<structWaitingStation__coll__graph.pdf, id=4561, 168.63pt x 224.84pt>
File: structWaitingStation__coll__graph.pdf Graphic file (type pdf)
<use structWaitingStation__coll__graph.pdf>
Package pdftex.def Info: structWaitingStation__coll__graph.pdf  used on input l
ine 22.
(pdftex.def)             Requested size: 168.0pt x 224.00577pt.
 [74] [75]) [76]
Chapter 5.
(./BasePricing_8h.tex <./BasePricing_8h__incl.pdf

pdfTeX warning: pdflatex (file ./BasePricing_8h__incl.pdf): PDF inclusion: mult
iple pdfs with page group included in a single page
>
<BasePricing_8h__incl.pdf, id=4590, 772.8875pt x 336.25626pt>
File: BasePricing_8h__incl.pdf Graphic file (type pdf)
<use BasePricing_8h__incl.pdf>
Package pdftex.def Info: BasePricing_8h__incl.pdf  used on input line 13.
(pdftex.def)             Requested size: 350.0pt x 152.27338pt.
 <./BasePricing_8h__dep__incl.pdf

pdfTeX warning: pdflatex (file ./BasePricing_8h__dep__incl.pdf): PDF inclusion:
 multiple pdfs with page group included in a single page
>
<BasePricing_8h__dep__incl.pdf, id=4605, 665.48625pt x 212.795pt>
File: BasePricing_8h__dep__incl.pdf Graphic file (type pdf)
<use BasePricing_8h__dep__incl.pdf>
Package pdftex.def Info: BasePricing_8h__dep__incl.pdf  used on input line 20.
(pdftex.def)             Requested size: 350.0pt x 111.9171pt.
 [77

]) (./branching_8h.tex <./branching_8h__incl.pdf>
<branching_8h__incl.pdf, id=4626, 192.72pt x 156.585pt>
File: branching_8h__incl.pdf Graphic file (type pdf)
<use branching_8h__incl.pdf>
Package pdftex.def Info: branching_8h__incl.pdf  used on input line 13.
(pdftex.def)             Requested size: 192.0pt x 155.99922pt.
 <./branching_8h__dep__incl.pdf

pdfTeX warning: pdflatex (file ./branching_8h__dep__incl.pdf): PDF inclusion: m
ultiple pdfs with page group included in a single page
>
<branching_8h__dep__incl.pdf, id=4635, 307.1475pt x 156.585pt>
File: branching_8h__dep__incl.pdf Graphic file (type pdf)
<use branching_8h__dep__incl.pdf>
Package pdftex.def Info: branching_8h__dep__incl.pdf  used on input line 21.
(pdftex.def)             Requested size: 306.0pt x 156.00879pt.
 [78]
Underfull \hbox (badness 10000) detected at line 34
[][][]
 []

) (./OSRMHelper_8h.tex
Underfull \vbox (badness 10000) has occurred while \output is active []

 [79] <./OSRMHelper_8h__incl.pdf>
<OSRMHelper_8h__incl.pdf, id=4665, 700.6175pt x 212.795pt>
File: OSRMHelper_8h__incl.pdf Graphic file (type pdf)
<use OSRMHelper_8h__incl.pdf>
Package pdftex.def Info: OSRMHelper_8h__incl.pdf  used on input line 14.
(pdftex.def)             Requested size: 350.0pt x 106.3063pt.
 <./OSRMHelper_8h__dep__incl.pdf

pdfTeX warning: pdflatex (file ./OSRMHelper_8h__dep__incl.pdf): PDF inclusion: 
multiple pdfs with page group included in a single page
>
<OSRMHelper_8h__dep__incl.pdf, id=4673, 333.245pt x 156.585pt>
File: OSRMHelper_8h__dep__incl.pdf Graphic file (type pdf)
<use OSRMHelper_8h__dep__incl.pdf>
Package pdftex.def Info: OSRMHelper_8h__dep__incl.pdf  used on input line 22.
(pdftex.def)             Requested size: 332.0pt x 156.01117pt.

Underfull \hbox (badness 10000) detected at line 35
[][][]
 []

) (./Params_8h.tex <./Params_8h__incl.pdf

pdfTeX warning: pdflatex (file ./Params_8h__incl.pdf): PDF inclusion: multiple 
pdfs with page group included in a single page
>
<Params_8h__incl.pdf, id=4682, 700.6175pt x 212.795pt>
File: Params_8h__incl.pdf Graphic file (type pdf)
<use Params_8h__incl.pdf>
Package pdftex.def Info: Params_8h__incl.pdf  used on input line 9.
(pdftex.def)             Requested size: 350.0pt x 106.3063pt.
 [80] <./Params_8h__dep__incl.pdf>
<Params_8h__dep__incl.pdf, id=4698, 1404.24625pt x 325.215pt>
File: Params_8h__dep__incl.pdf Graphic file (type pdf)
<use Params_8h__dep__incl.pdf>
Package pdftex.def Info: Params_8h__dep__incl.pdf  used on input line 17.
(pdftex.def)             Requested size: 350.0pt x 81.05542pt.

Overfull \hbox (47.76817pt too wide) in paragraph at lines 28--39
[]\T1/phv/m/n/10 , [], [], [], 
 []


Underfull \hbox (badness 2753) in paragraph at lines 28--39
[]\T1/phv/m/n/10 , [], [],
 []

[81]) (./pricer__SPwCG_8h.tex <./pricer__SPwCG_8h__incl.pdf>
<pricer__SPwCG_8h__incl.pdf, id=4735, 985.6825pt x 392.46625pt>
File: pricer__SPwCG_8h__incl.pdf Graphic file (type pdf)
<use pricer__SPwCG_8h__incl.pdf>
Package pdftex.def Info: pricer__SPwCG_8h__incl.pdf  used on input line 13.
(pdftex.def)             Requested size: 350.0pt x 139.35942pt.
 <./pricer__SPwCG_8h__dep__incl.pdf

pdfTeX warning: pdflatex (file ./pricer__SPwCG_8h__dep__incl.pdf): PDF inclusio
n: multiple pdfs with page group included in a single page
>
<pricer__SPwCG_8h__dep__incl.pdf, id=4751, 483.8075pt x 156.585pt>
File: pricer__SPwCG_8h__dep__incl.pdf Graphic file (type pdf)
<use pricer__SPwCG_8h__dep__incl.pdf>
Package pdftex.def Info: pricer__SPwCG_8h__dep__incl.pdf  used on input line 20
.
(pdftex.def)             Requested size: 350.0pt x 113.28348pt.

Underfull \vbox (badness 10000) has occurred while \output is active []

 [82]
LaTeX Font Info:    Font shape `T1/phv/m/n' will be
(Font)              scaled to size 8.09995pt on input line 27.
LaTeX Font Info:    Font shape `T1/phv/m/it' in size <9> not available
(Font)              Font shape `T1/phv/m/sl' tried instead on input line 27.
LaTeX Font Info:    Font shape `T1/phv/m/sl' will be
(Font)              scaled to size 8.09995pt on input line 27.

Underfull \hbox (badness 2409) in paragraph at lines 33--35
[]\T1/phv/m/n/10 S[]C[]I[]P[]_[][]R[]E[]T[]C[]O[]DE [] (S[]C[]IP $\OMS/cmsy/m/n
/10 ^^C$\T1/phv/m/n/10 scip, S[]C[]I[]P[]_[][]C[]O[]NS $\OMS/cmsy/m/n/10 ^^C$$^
^C$\T1/phv/m/n/10 conss, [] $\OMS/cmsy/m/n/10 ^^C$\T1/phv/m/n/10 params,
 []

[83]) (./probdata__SPwCG_8h.tex <./probdata__SPwCG_8h__incl.pdf>
<probdata__SPwCG_8h__incl.pdf, id=4791, 1289.81876pt x 336.25626pt>
File: probdata__SPwCG_8h__incl.pdf Graphic file (type pdf)
<use probdata__SPwCG_8h__incl.pdf>
Package pdftex.def Info: probdata__SPwCG_8h__incl.pdf  used on input line 17.
(pdftex.def)             Requested size: 350.0pt x 91.24191pt.
 <./probdata__SPwCG_8h__dep__incl.pdf

pdfTeX warning: pdflatex (file ./probdata__SPwCG_8h__dep__incl.pdf): PDF inclus
ion: multiple pdfs with page group included in a single page
>
<probdata__SPwCG_8h__dep__incl.pdf, id=4806, 754.82pt x 156.585pt>
File: probdata__SPwCG_8h__dep__incl.pdf Graphic file (type pdf)
<use probdata__SPwCG_8h__dep__incl.pdf>
Package pdftex.def Info: probdata__SPwCG_8h__dep__incl.pdf  used on input line 
25.
(pdftex.def)             Requested size: 350.0pt x 72.60579pt.
) (./ProblemData_8h.tex <./ProblemData_8h__incl.pdf

pdfTeX warning: pdflatex (file ./ProblemData_8h__incl.pdf): PDF inclusion: mult
iple pdfs with page group included in a single page
>
<ProblemData_8h__incl.pdf, id=4814, 700.6175pt x 156.585pt>
File: ProblemData_8h__incl.pdf Graphic file (type pdf)
<use ProblemData_8h__incl.pdf>
Package pdftex.def Info: ProblemData_8h__incl.pdf  used on input line 16.
(pdftex.def)             Requested size: 350.0pt x 78.2254pt.
 [84] <./ProblemData_8h__dep__incl.pdf>
<ProblemData_8h__dep__incl.pdf, id=4829, 1947.275pt x 381.425pt>
File: ProblemData_8h__dep__incl.pdf Graphic file (type pdf)
<use ProblemData_8h__dep__incl.pdf>
Package pdftex.def Info: ProblemData_8h__dep__incl.pdf  used on input line 24.
(pdftex.def)             Requested size: 350.0pt x 68.55458pt.

Overfull \hbox (87.42729pt too wide) in paragraph at lines 56--61
[]\T1/phv/m/n/10 enum [] { [], [],
 []

[85]) (./ProblemSolution_8h.tex <./ProblemSolution_8h__incl.pdf>
<ProblemSolution_8h__incl.pdf, id=4873, 925.4575pt x 280.04625pt>
File: ProblemSolution_8h__incl.pdf Graphic file (type pdf)
<use ProblemSolution_8h__incl.pdf>
Package pdftex.def Info: ProblemSolution_8h__incl.pdf  used on input line 15.
(pdftex.def)             Requested size: 350.0pt x 105.91016pt.
 <./ProblemSolution_8h__dep__incl.pdf

pdfTeX warning: pdflatex (file ./ProblemSolution_8h__dep__incl.pdf): PDF inclus
ion: multiple pdfs with page group included in a single page
>
<ProblemSolution_8h__dep__incl.pdf, id=4888, 1238.6275pt x 269.005pt>
File: ProblemSolution_8h__dep__incl.pdf Graphic file (type pdf)
<use ProblemSolution_8h__dep__incl.pdf>
Package pdftex.def Info: ProblemSolution_8h__dep__incl.pdf  used on input line 
23.
(pdftex.def)             Requested size: 350.0pt x 76.01457pt.
 [86]) (./RouteExpander_8h.tex <./RouteExpander_8h__incl.pdf>
<RouteExpander_8h__incl.pdf, id=4909, 700.6175pt x 269.005pt>
File: RouteExpander_8h__incl.pdf Graphic file (type pdf)
<use RouteExpander_8h__incl.pdf>
Package pdftex.def Info: RouteExpander_8h__incl.pdf  used on input line 8.
(pdftex.def)             Requested size: 350.0pt x 134.38722pt.
 <./RouteExpander_8h__dep__incl.pdf

pdfTeX warning: pdflatex (file ./RouteExpander_8h__dep__incl.pdf): PDF inclusio
n: multiple pdfs with page group included in a single page
>
<RouteExpander_8h__dep__incl.pdf, id=4917, 544.0325pt x 156.585pt>
File: RouteExpander_8h__dep__incl.pdf Graphic file (type pdf)
<use RouteExpander_8h__dep__incl.pdf>
Package pdftex.def Info: RouteExpander_8h__dep__incl.pdf  used on input line 15
.
(pdftex.def)             Requested size: 350.0pt x 100.74208pt.
 [87]) (./SCIPSolver_8h.tex <./SCIPSolver_8h__incl.pdf>
<SCIPSolver_8h__incl.pdf, id=4942, 699.61375pt x 336.25626pt>
File: SCIPSolver_8h__incl.pdf Graphic file (type pdf)
<use SCIPSolver_8h__incl.pdf>
Package pdftex.def Info: SCIPSolver_8h__incl.pdf  used on input line 9.
(pdftex.def)             Requested size: 350.0pt x 168.22519pt.
 <./SCIPSolver_8h__dep__incl.pdf

pdfTeX warning: pdflatex (file ./SCIPSolver_8h__dep__incl.pdf): PDF inclusion: 
multiple pdfs with page group included in a single page
>
<SCIPSolver_8h__dep__incl.pdf, id=4957, 301.125pt x 156.585pt>
File: SCIPSolver_8h__dep__incl.pdf Graphic file (type pdf)
<use SCIPSolver_8h__dep__incl.pdf>
Package pdftex.def Info: SCIPSolver_8h__dep__incl.pdf  used on input line 16.
(pdftex.def)             Requested size: 300.0pt x 156.01357pt.

Underfull \vbox (badness 1132) has occurred while \output is active []

 [88])
(./SpacedBellmanPricing_8h.tex <./SpacedBellmanPricing_8h__incl.pdf>
<SpacedBellmanPricing_8h__incl.pdf, id=4980, 962.59625pt x 392.46625pt>
File: SpacedBellmanPricing_8h__incl.pdf Graphic file (type pdf)
<use SpacedBellmanPricing_8h__incl.pdf>
Package pdftex.def Info: SpacedBellmanPricing_8h__incl.pdf  used on input line 
15.
(pdftex.def)             Requested size: 350.0pt x 142.69504pt.
 <./SpacedBellmanPricing_8h__dep__incl.pdf

pdfTeX warning: pdflatex (file ./SpacedBellmanPricing_8h__dep__incl.pdf): PDF i
nclusion: multiple pdfs with page group included in a single page
>
<SpacedBellmanPricing_8h__dep__incl.pdf, id=4995, 385.44pt x 156.585pt>
File: SpacedBellmanPricing_8h__dep__incl.pdf Graphic file (type pdf)
<use SpacedBellmanPricing_8h__dep__incl.pdf>
Package pdftex.def Info: SpacedBellmanPricing_8h__dep__incl.pdf  used on input 
line 22.
(pdftex.def)             Requested size: 350.0pt x 142.18674pt.
 [89]) (./StochasticInfo_8h.tex <./StochasticInfo_8h__incl.pdf>
<StochasticInfo_8h__incl.pdf, id=5013, 700.6175pt x 212.795pt>
File: StochasticInfo_8h__incl.pdf Graphic file (type pdf)
<use StochasticInfo_8h__incl.pdf>
Package pdftex.def Info: StochasticInfo_8h__incl.pdf  used on input line 9.
(pdftex.def)             Requested size: 350.0pt x 106.3063pt.
 <./StochasticInfo_8h__dep__incl.pdf

pdfTeX warning: pdflatex (file ./StochasticInfo_8h__dep__incl.pdf): PDF inclusi
on: multiple pdfs with page group included in a single page
>
<StochasticInfo_8h__dep__incl.pdf, id=5021, 213.79875pt x 156.585pt>
File: StochasticInfo_8h__dep__incl.pdf Graphic file (type pdf)
<use StochasticInfo_8h__dep__incl.pdf>
Package pdftex.def Info: StochasticInfo_8h__dep__incl.pdf  used on input line 1
6.
(pdftex.def)             Requested size: 213.0pt x 155.99922pt.
 [90]) (./vardata__SPwCG_8h.tex <./vardata__SPwCG_8h__incl.pdf>
<vardata__SPwCG_8h__incl.pdf, id=5041, 700.6175pt x 336.25626pt>
File: vardata__SPwCG_8h__incl.pdf Graphic file (type pdf)
<use vardata__SPwCG_8h__incl.pdf>
Package pdftex.def Info: vardata__SPwCG_8h__incl.pdf  used on input line 10.
(pdftex.def)             Requested size: 350.0pt x 167.98404pt.
 <./vardata__SPwCG_8h__dep__incl.pdf

pdfTeX warning: pdflatex (file ./vardata__SPwCG_8h__dep__incl.pdf): PDF inclusi
on: multiple pdfs with page group included in a single page
>
<vardata__SPwCG_8h__dep__incl.pdf, id=5056, 629.35126pt x 156.585pt>
File: vardata__SPwCG_8h__dep__incl.pdf Graphic file (type pdf)
<use vardata__SPwCG_8h__dep__incl.pdf>
Package pdftex.def Info: vardata__SPwCG_8h__dep__incl.pdf  used on input line 1
8.
(pdftex.def)             Requested size: 350.0pt x 87.08011pt.
 [91]) (./branching_8cpp.tex [92] <./branching_8cpp__incl.pdf

pdfTeX warning: pdflatex (file ./branching_8cpp__incl.pdf): PDF inclusion: mult
iple pdfs with page group included in a single page
>
<branching_8cpp__incl.pdf, id=5094, 1481.535pt x 392.46625pt>
File: branching_8cpp__incl.pdf Graphic file (type pdf)
<use branching_8cpp__incl.pdf>
Package pdftex.def Info: branching_8cpp__incl.pdf  used on input line 24.
(pdftex.def)             Requested size: 350.0pt x 92.71465pt.
 [93]
Underfull \hbox (badness 10000) detected at line 76
[][][]
 []

[94] [95]
Overfull \vbox (13.6431pt too high) has occurred while \output is active []


[96]) (./cppmain_8cpp.tex <./cppmain_8cpp__incl.pdf

pdfTeX warning: pdflatex (file ./cppmain_8cpp__incl.pdf): PDF inclusion: multip
le pdfs with page group included in a single page
>
<cppmain_8cpp__incl.pdf, id=5163, 2223.30624pt x 403.5075pt>
File: cppmain_8cpp__incl.pdf Graphic file (type pdf)
<use cppmain_8cpp__incl.pdf>
Package pdftex.def Info: cppmain_8cpp__incl.pdf  used on input line 28.
(pdftex.def)             Requested size: 350.0pt x 63.52197pt.
 [97] [98]) (./cutstock_8cpp.tex <./cutstock_8cpp__incl.pdf>
<cutstock_8cpp__incl.pdf, id=5206, 179.67125pt x 156.585pt>
File: cutstock_8cpp__incl.pdf Graphic file (type pdf)
<use cutstock_8cpp__incl.pdf>
Package pdftex.def Info: cutstock_8cpp__incl.pdf  used on input line 8.
(pdftex.def)             Requested size: 179.0pt x 156.01117pt.
LaTeX Font Info:    Font shape `T1/phv/m/it' in size <7> not available
(Font)              Font shape `T1/phv/m/sl' tried instead on input line 30.
LaTeX Font Info:    Font shape `T1/phv/m/sl' will be
(Font)              scaled to size 6.29996pt on input line 30.
 [99] [100])
(./main_8cpp.tex <./main_8cpp__incl.pdf

pdfTeX warning: pdflatex (file ./main_8cpp__incl.pdf): PDF inclusion: multiple 
pdfs with page group included in a single page
>
<main_8cpp__incl.pdf, id=5242, 922.44624pt x 347.2975pt>
File: main_8cpp__incl.pdf Graphic file (type pdf)
<use main_8cpp__incl.pdf>
Package pdftex.def Info: main_8cpp__incl.pdf  used on input line 17.
(pdftex.def)             Requested size: 350.0pt x 131.77304pt.
 [101]) (./OSRMHelper_8cpp.tex [102] <./OSRMHelper_8cpp__incl.pdf>
<OSRMHelper_8cpp__incl.pdf, id=5280, 700.6175pt x 269.005pt>
File: OSRMHelper_8cpp__incl.pdf Graphic file (type pdf)
<use OSRMHelper_8cpp__incl.pdf>
Package pdftex.def Info: OSRMHelper_8cpp__incl.pdf  used on input line 15.
(pdftex.def)             Requested size: 350.0pt x 134.38722pt.

Underfull \hbox (badness 10000) detected at line 23
[][][]
 []

) (./pricer__SPwCG_8cpp.tex <./pricer__SPwCG_8cpp__incl.pdf

pdfTeX warning: pdflatex (file ./pricer__SPwCG_8cpp__incl.pdf): PDF inclusion: 
multiple pdfs with page group included in a single page
>
<pricer__SPwCG_8cpp__incl.pdf, id=5288, 1675.25874pt x 448.67625pt>
File: pricer__SPwCG_8cpp__incl.pdf Graphic file (type pdf)
<use pricer__SPwCG_8cpp__incl.pdf>
Package pdftex.def Info: pricer__SPwCG_8cpp__incl.pdf  used on input line 21.
(pdftex.def)             Requested size: 350.0pt x 93.73871pt.
 [103]
Underfull \hbox (badness 2409) in paragraph at lines 29--30
[]\T1/phv/m/n/10 S[]C[]I[]P[]_[][]R[]E[]T[]C[]O[]DE [] (S[]C[]IP $\OMS/cmsy/m/n
/10 ^^C$\T1/phv/m/n/10 scip, S[]C[]I[]P[]_[][]C[]O[]NS $\OMS/cmsy/m/n/10 ^^C$$^
^C$\T1/phv/m/n/10 conss, [] $\OMS/cmsy/m/n/10 ^^C$\T1/phv/m/n/10 params,
 []

[104] [105] [106] [107]) (./probdata__SPwCG_8cpp.tex <./probdata__SPwCG_8cpp__i
ncl.pdf

pdfTeX warning: pdflatex (file ./probdata__SPwCG_8cpp__incl.pdf): PDF inclusion
: multiple pdfs with page group included in a single page
>
<probdata__SPwCG_8cpp__incl.pdf, id=5396, 1856.9375pt x 448.67625pt>
File: probdata__SPwCG_8cpp__incl.pdf Graphic file (type pdf)
<use probdata__SPwCG_8cpp__incl.pdf>
Package pdftex.def Info: probdata__SPwCG_8cpp__incl.pdf  used on input line 22.

(pdftex.def)             Requested size: 350.0pt x 84.56474pt.
 [108] [109] [110] [111] [112]
Overfull \vbox (66.73453pt too high) has occurred while \output is active []


[113] [114] [115]) (./ProblemData_8cpp.tex <./ProblemData_8cpp__incl.pdf

pdfTeX warning: pdflatex (file ./ProblemData_8cpp__incl.pdf): PDF inclusion: mu
ltiple pdfs with page group included in a single page
>
<ProblemData_8cpp__incl.pdf, id=5547, 854.19125pt x 269.005pt>
File: ProblemData_8cpp__incl.pdf Graphic file (type pdf)
<use ProblemData_8cpp__incl.pdf>
Package pdftex.def Info: ProblemData_8cpp__incl.pdf  used on input line 18.
(pdftex.def)             Requested size: 350.0pt x 110.22298pt.
 [116]) (./ProblemSolution_8cpp.tex <./ProblemSolution_8cpp__incl.pdf

pdfTeX warning: pdflatex (file ./ProblemSolution_8cpp__incl.pdf): PDF inclusion
: multiple pdfs with page group included in a single page
>
<ProblemSolution_8cpp__incl.pdf, id=5576, 1099.10625pt x 336.25626pt>
File: ProblemSolution_8cpp__incl.pdf Graphic file (type pdf)
<use ProblemSolution_8cpp__incl.pdf>
Package pdftex.def Info: ProblemSolution_8cpp__incl.pdf  used on input line 16.

(pdftex.def)             Requested size: 350.0pt x 107.07571pt.
 [117]) (./RouteExpander_8cpp.tex <./RouteExpander_8cpp__incl.pdf>
<RouteExpander_8cpp__incl.pdf, id=5603, 700.6175pt x 325.215pt>
File: RouteExpander_8cpp__incl.pdf Graphic file (type pdf)
<use RouteExpander_8cpp__incl.pdf>
Package pdftex.def Info: RouteExpander_8cpp__incl.pdf  used on input line 9.
(pdftex.def)             Requested size: 350.0pt x 162.46815pt.
 [118])
(./SCIPSolver_8cpp.tex <./SCIPSolver_8cpp__incl.pdf>
<SCIPSolver_8cpp__incl.pdf, id=5620, 1640.1275pt x 448.67625pt>
File: SCIPSolver_8cpp__incl.pdf Graphic file (type pdf)
<use SCIPSolver_8cpp__incl.pdf>
Package pdftex.def Info: SCIPSolver_8cpp__incl.pdf  used on input line 21.
(pdftex.def)             Requested size: 350.0pt x 95.74466pt.
 [119])
(./SpacedBellmanPricing_8cpp.tex <./SpacedBellmanPricing_8cpp__incl.pdf>
<SpacedBellmanPricing_8cpp__incl.pdf, id=5651, 1016.79875pt x 448.67625pt>
File: SpacedBellmanPricing_8cpp__incl.pdf Graphic file (type pdf)
<use SpacedBellmanPricing_8cpp__incl.pdf>
Package pdftex.def Info: SpacedBellmanPricing_8cpp__incl.pdf  used on input lin
e 15.
(pdftex.def)             Requested size: 350.0pt x 154.4443pt.
)
(./StochasticInfo_8cpp.tex [120] <./StochasticInfo_8cpp__incl.pdf>
<StochasticInfo_8cpp__incl.pdf, id=5677, 700.6175pt x 269.005pt>
File: StochasticInfo_8cpp__incl.pdf Graphic file (type pdf)
<use StochasticInfo_8cpp__incl.pdf>
Package pdftex.def Info: StochasticInfo_8cpp__incl.pdf  used on input line 8.
(pdftex.def)             Requested size: 350.0pt x 134.38722pt.
)
(./vardata__SPwCG_8cpp.tex <./vardata__SPwCG_8cpp__incl.pdf

pdfTeX warning: pdflatex (file ./vardata__SPwCG_8cpp__incl.pdf): PDF inclusion:
 multiple pdfs with page group included in a single page
>
<vardata__SPwCG_8cpp__incl.pdf, id=5685, 1236.62pt x 392.46625pt>
File: vardata__SPwCG_8cpp__incl.pdf Graphic file (type pdf)
<use vardata__SPwCG_8cpp__incl.pdf>
Package pdftex.def Info: vardata__SPwCG_8cpp__incl.pdf  used on input line 10.
(pdftex.def)             Requested size: 350.0pt x 111.08151pt.
 [121]
Underfull \hbox (badness 1371) in paragraph at lines 22--24
[]\T1/phv/m/n/10 static S[]C[]I[]P[]_[][]R[]E[]T[]C[]O[]DE [] (S[]C[]IP $\OMS/c
msy/m/n/10 ^^C$\T1/phv/m/n/10 scip, S[]C[]I[]P[]_[][]V[]A[]R[]D[]A[]TA $\OMS/cm
sy/m/n/10 ^^C$$^^C$\T1/phv/m/n/10 vardata, int $\OMS/cmsy/m/n/10 ^^C$\T1/phv/m/
n/10 consids, int
 []

[122] [123] [124]
Overfull \vbox (8.86595pt too high) has occurred while \output is active []


[125]) [126

] (./refman.ind [127


] [128] [129] [130] [131] [132] [133] [134]
[135] [136] [137])
Package atveryend Info: Empty hook `BeforeClearDocument' on input line 245.
Package atveryend Info: Empty hook `AfterLastShipout' on input line 245.
 (./refman.aux)
Package atveryend Info: Executing hook `AtVeryEndDocument' on input line 245.
Package atveryend Info: Executing hook `AtEndAfterFileList' on input line 245.
Package rerunfilecheck Info: File `refman.out' has not changed.
(rerunfilecheck)             Checksum: 02AA46F8BD94181888AAC2D29C8DB80A;114840.

 ) 
Here is how much of TeX's memory you used:
 19389 strings out of 483183
 330010 string characters out of 5966291
 676544 words of memory out of 5000000
 32649 multiletter control sequences out of 15000+600000
 591905 words of font info for 95 fonts, out of 8000000 for 9000
 14 hyphenation exceptions out of 8191
 55i,16n,96p,938b,629s stack positions out of 5000i,500n,10000p,200000b,80000s
{/usr/share/texlive/texmf-dist/fonts/enc/dvips/base/8r.enc}</usr/share/texliv
e/texmf-dist/fonts/type1/public/amsfonts/cm/cmmi10.pfb></usr/share/texlive/texm
f-dist/fonts/type1/public/amsfonts/cm/cmmi7.pfb></usr/share/texlive/texmf-dist/
fonts/type1/public/amsfonts/cm/cmmi8.pfb></usr/share/texlive/texmf-dist/fonts/t
ype1/public/amsfonts/cm/cmsy10.pfb></usr/share/texlive/texmf-dist/fonts/type1/p
ublic/amsfonts/cm/cmsy7.pfb></usr/share/texlive/texmf-dist/fonts/type1/public/a
msfonts/cm/cmsy8.pfb></usr/share/texlive/texmf-dist/fonts/type1/urw/courier/ucr
b8a.pfb></usr/share/texlive/texmf-dist/fonts/type1/urw/courier/ucrr8a.pfb></usr
/share/texlive/texmf-dist/fonts/type1/urw/courier/ucrro8a.pfb></usr/share/texli
ve/texmf-dist/fonts/type1/urw/helvetic/uhvb8a.pfb></usr/share/texlive/texmf-dis
t/fonts/type1/urw/helvetic/uhvb8ac.pfb></usr/share/texlive/texmf-dist/fonts/typ
e1/urw/helvetic/uhvr8a.pfb></usr/share/texlive/texmf-dist/fonts/type1/urw/helve
tic/uhvro8a.pfb>
Output written on refman.pdf (153 pages, 1073243 bytes).
PDF statistics:
 7006 PDF objects out of 7423 (max. 8388607)
 6488 compressed objects within 65 object streams
 1329 named destinations out of 1440 (max. 500000)
 4623 words of extra memory for PDF output out of 10000 (max. 10000000)

